<?xml version="1.0" encoding="UTF-8"?>
<!-- Generated by org.testng.reporters.JUnitReportReporter -->
<testsuite hostname="DESKTOP-7GQAVNG" failures="0" tests="2" name="NithinThomas.ErrorValidation" time="40.162" errors="0" timestamp="2022-12-06T22:02:22 IST" skipped="0">
  <testcase classname="NithinThomas.ErrorValidation" name="ProductCartValidation" time="20.966"/>
  <system-out/>
  <testcase classname="NithinThomas.ErrorValidation" name="LoginErrorValidation" time="19.196"/>
  <system-out/>
</testsuite> <!-- NithinThomas.ErrorValidation -->
