<?xml version="1.0" encoding="UTF-8"?>
<!-- Generated by org.testng.reporters.JUnitReportReporter -->
<testsuite hostname="DESKTOP-7GQAVNG" failures="0" tests="2" name="NithinThomas.ErrorValidation" time="26.945" errors="0" timestamp="2022-12-21T16:52:59 IST" skipped="0">
  <testcase classname="NithinThomas.ErrorValidation" name="ProductCartValidation" time="18.177"/>
  <system-out/>
  <testcase classname="NithinThomas.ErrorValidation" name="LoginErrorValidation" time="8.768"/>
  <system-out/>
</testsuite> <!-- NithinThomas.ErrorValidation -->
