<?xml version="1.0" encoding="UTF-8"?>
<!-- Generated by org.testng.reporters.JUnitReportReporter -->
<testsuite hostname="DESKTOP-7GQAVNG" failures="0" tests="2" name="NithinThomas.ErrorValidation" time="43.535" errors="0" timestamp="2022-12-07T19:41:50 IST" skipped="0">
  <testcase classname="NithinThomas.ErrorValidation" name="LoginErrorValidation" time="6.537"/>
  <system-out/>
  <testcase classname="NithinThomas.ErrorValidation" name="ProductCartValidation" time="36.998"/>
  <system-out/>
</testsuite> <!-- NithinThomas.ErrorValidation -->
